INFO [2020-03-14 15:01:22,820] - [AbsConfigUtils.init.46             ] - init config from config path: ./config/init.xml
INFO [2020-03-14 15:01:22,824] - [AbsConfigUtils.init.55             ] - create java.io.File from config path: .\config\init.xml
INFO [2020-03-14 15:01:22,827] - [AbsConfigUtils.load.98             ] - reload file: ./config/init.xml, lastModified: 0, file.lastModified(): 1584113622871
INFO [2020-03-14 15:01:23,063] - [XMLConfigExt.getLong.104           ] - [1] [InitConfig] property: CHECK_RELOAD_CONFIG(0).INTERVAL_FOR_CORE_CONFIG_MS = 60000
INFO [2020-03-14 15:01:23,064] - [XMLConfigExt.getLong.104           ] - [1] [InitConfig] property: CHECK_RELOAD_CONFIG(0).INTERVAL_FOR_MAIL_CONFIG_MS = 10000
INFO [2020-03-14 15:01:23,065] - [AbsConfigUtils.init.46             ] - init config from config path: ./config/core.xml
INFO [2020-03-14 15:01:23,066] - [AbsConfigUtils.init.55             ] - create java.io.File from config path: .\config\core.xml
INFO [2020-03-14 15:01:23,067] - [AbsConfigUtils.load.98             ] - reload file: ./config/core.xml, lastModified: 0, file.lastModified(): 1584113622871
INFO [2020-03-14 15:01:23,079] - [XMLConfigExt.getInt.64             ] - [1] [CoreConfig] property: API_PORT = 10000
INFO [2020-03-14 15:01:23,079] - [XMLConfigExt.getString.44          ] - [1] [CoreConfig] property: CONTEXT_PATH = /api
INFO [2020-03-14 15:01:23,079] - [XMLConfigExt.getString.44          ] - [1] [CoreConfig] property: API_DAY_INPUT_FORMAT = dd-MM-yyyy
INFO [2020-03-14 15:01:23,080] - [XMLConfigExt.getString.44          ] - [1] [CoreConfig] property: API_DATE_TIME_INPUT_FORMAT = dd-MM-yyyy_HH:mm:ss
INFO [2020-03-14 15:01:23,080] - [XMLConfigExt.getString.44          ] - [1] [CoreConfig] property: API_DATE_TIME_OUTPUT_FORMAT = dd/MM/yyyy HH:mm:ss
INFO [2020-03-14 15:01:23,081] - [XMLConfigExt.getInt.64             ] - [1] [CoreConfig] property: TOKEN_LOG_MAX_LENGTH = 50
INFO [2020-03-14 15:01:23,081] - [XMLConfigExt.getInt.64             ] - [1] [CoreConfig] property: RESPONSE_LOG_MAX_LENGTH = 500
INFO [2020-03-14 15:01:23,081] - [XMLConfigExt.getInt.64             ] - [1] [CoreConfig] property: URL_MESSAGE_SENDER_TIMEOUT = 20000
INFO [2020-03-14 15:01:23,081] - [XMLConfigExt.getString.44          ] - [1] [CoreConfig] property: ORDER_URL_API = http://localhost:10401/api
INFO [2020-03-14 15:01:23,082] - [XMLConfigExt.getString.44          ] - [1] [CoreConfig] property: CARD_URL_API = http://222.252.16.140:10403/card/partner/api
INFO [2020-03-14 15:01:23,091] - [AbsConfigUtils.init.46             ] - init config from config path: ./config/mail.xml
INFO [2020-03-14 15:01:23,091] - [AbsConfigUtils.init.55             ] - create java.io.File from config path: .\config\mail.xml
INFO [2020-03-14 15:01:23,091] - [AbsConfigUtils.load.98             ] - reload file: ./config/mail.xml, lastModified: 0, file.lastModified(): 1584113622873
INFO [2020-03-14 15:01:23,111] - [XMLConfigExt.getString.54          ] - [1] [MailConfig] property: MAIL(0).HOST = smtp.gmail.com
INFO [2020-03-14 15:01:23,112] - [XMLConfigExt.getInt.74             ] - [1] [MailConfig] property: MAIL(0).PORT = 587
INFO [2020-03-14 15:01:23,115] - [XMLConfigExt.getBoolean.94         ] - [1] [MailConfig] property: MAIL(0).SSL = false
INFO [2020-03-14 15:01:23,116] - [XMLConfigExt.getString.54          ] - [1] [MailConfig] property: MAIL(0).PROTOCOL = smtp
INFO [2020-03-14 15:01:23,116] - [XMLConfigExt.getString.54          ] - [1] [MailConfig] property: MAIL(0).FROM_PERSONAL = TENHIENTHI
INFO [2020-03-14 15:01:23,119] - [MailConfig.loadFroms.65            ] - [1] load config size FROMS: 1
INFO [2020-03-14 15:01:23,121] - [XMLConfigExt.getString.54          ] - [1] [MailConfig] property: MAIL(0).FROMS.FROM(0).FROM_MAIL(0) = kythuat@xx.vn
INFO [2020-03-14 15:01:23,122] - [XMLConfigExt.getString.54          ] - [1] [MailConfig] property: MAIL(0).FROMS.FROM(0).USERNAME(0) = kythuat@xx.vn
INFO [2020-03-14 15:01:23,123] - [XMLConfigExt.getString.54          ] - [1] [MailConfig] property: MAIL(0).FROMS.FROM(0).PASSWORD(0) = xxx
INFO [2020-03-14 15:01:23,125] - [MailConfig.loadFroms.79            ] - [1] add FROM to FROMS: FromMailEntity [fromMail=kythuat@xx.vn, username=kythuat@xx.vn, password=xxx]
INFO [2020-03-14 15:01:23,127] - [MailConfig.loadFroms.82            ] - [1] add FROM to FROMS: FromMailEntity [fromMail=kythuat@xx.vn, username=kythuat@xx.vn, password=xxx]
INFO [2020-03-14 15:01:23,127] - [MailConfig.loadFroms.90            ] - [1] load config FROMS: [FromMailEntity [fromMail=kythuat@xx.vn, username=kythuat@xx.vn, password=xxx]]
INFO [2020-03-14 15:01:23,755] - [DBLogicImpl.init.56                ] - Start DBLogic
INFO [2020-03-14 15:01:23,756] - [MainApplication.start.76           ] - base service package: com.xtel.vngolf.api.listener.service
INFO [2020-03-14 15:01:24,253] - [CustomizeFilter.init.24            ] - Initializing filter, config: {}org.eclipse.jetty.servlet.FilterHolder$Config@7a52f2a2
INFO [2020-03-14 15:01:26,442] - [MainApplication.start.84           ] - -----------------------------MODULE IS STARTED SUCCESS!-----------------------------
DEBUG [2020-03-14 15:01:33,129] - [AbsConfigUtils.load.119            ] - not reload file: ./config/mail.xml, lastModified: 1584113622873, file.lastModified(): 1584113622873
DEBUG [2020-03-14 15:01:43,129] - [AbsConfigUtils.load.119            ] - not reload file: ./config/mail.xml, lastModified: 1584113622873, file.lastModified(): 1584113622873
DEBUG [2020-03-14 15:01:53,130] - [AbsConfigUtils.load.119            ] - not reload file: ./config/mail.xml, lastModified: 1584113622873, file.lastModified(): 1584113622873
DEBUG [2020-03-14 15:02:03,130] - [AbsConfigUtils.load.119            ] - not reload file: ./config/mail.xml, lastModified: 1584113622873, file.lastModified(): 1584113622873
DEBUG [2020-03-14 15:02:13,130] - [AbsConfigUtils.load.119            ] - not reload file: ./config/mail.xml, lastModified: 1584113622873, file.lastModified(): 1584113622873
DEBUG [2020-03-14 15:02:23,098] - [AbsConfigUtils.load.119            ] - not reload file: ./config/core.xml, lastModified: 1584113622871, file.lastModified(): 1584113622871
DEBUG [2020-03-14 15:02:23,128] - [AbsConfigUtils.load.119            ] - not reload file: ./config/mail.xml, lastModified: 1584113622873, file.lastModified(): 1584113622873
DEBUG [2020-03-14 15:02:33,131] - [AbsConfigUtils.load.119            ] - not reload file: ./config/mail.xml, lastModified: 1584113622873, file.lastModified(): 1584113622873
DEBUG [2020-03-14 15:02:43,129] - [AbsConfigUtils.load.119            ] - not reload file: ./config/mail.xml, lastModified: 1584113622873, file.lastModified(): 1584113622873
DEBUG [2020-03-14 15:02:53,128] - [AbsConfigUtils.load.119            ] - not reload file: ./config/mail.xml, lastModified: 1584113622873, file.lastModified(): 1584113622873
INFO [2020-03-14 15:03:02,960] - [CustomizeFilter.doFilter.30        ] - ===> New request: Request(GET //localhost:10000/api/view/product/list?page_index=1&page_size=10&category_id=1)@7f84a9f2
DEBUG [2020-03-14 15:03:03,129] - [AbsApiBaseParamReqTypeCmd.execute.17] - BEGIN_CMD transid: null, channel: null, request: [from_addr: 0:0:0:0:0:0:0:1, method: GET, path: /view/product/list, param: page_index=1&page_size=10&category_id=1, token: null]
DEBUG [2020-03-14 15:03:03,130] - [AbsConfigUtils.load.119            ] - not reload file: ./config/mail.xml, lastModified: 1584113622873, file.lastModified(): 1584113622873
WARN [2020-03-14 15:03:03,138] - [AbsApiBaseParamReqTypeCmd.execute.37] - transid: null, channel: null, request: [from_addr: 0:0:0:0:0:0:0:1, method: GET, path: /view/product/list, param: page_index=1&page_size=10&category_id=1, token: null], exception: null
java.util.ConcurrentModificationException
	at java.util.ArrayList$Itr.checkForComodification(ArrayList.java:901)
	at java.util.ArrayList$Itr.next(ArrayList.java:851)
	at com.xtel.vngolf.api.model.DbProductGetListCmd.getOutputResult(DbProductGetListCmd.java:79)
	at com.xtel.vngolf.api.model.DbProductGetListCmd.execute(DbProductGetListCmd.java:65)
	at com.xtel.vngolf.api.controller.channels.core.ProductGetListCmd.executeCmd(ProductGetListCmd.java:25)
	at com.xtel.vngolf.api.controller.base.AbsApiBaseParamReqTypeCmd.execute(AbsApiBaseParamReqTypeCmd.java:34)
	at com.xtel.vngolf.api.listener.service.web.ProductService.getList(ProductService.java:21)
	at sun.reflect.NativeMethodAccessorImpl.invoke0(Native Method)
	at sun.reflect.NativeMethodAccessorImpl.invoke(NativeMethodAccessorImpl.java:62)
	at sun.reflect.DelegatingMethodAccessorImpl.invoke(DelegatingMethodAccessorImpl.java:43)
	at java.lang.reflect.Method.invoke(Method.java:498)
	at org.glassfish.jersey.server.model.internal.ResourceMethodInvocationHandlerFactory.lambda$static$0(ResourceMethodInvocationHandlerFactory.java:52)
	at org.glassfish.jersey.server.model.internal.AbstractJavaResourceMethodDispatcher$1.run(AbstractJavaResourceMethodDispatcher.java:124)
	at org.glassfish.jersey.server.model.internal.AbstractJavaResourceMethodDispatcher.invoke(AbstractJavaResourceMethodDispatcher.java:167)
	at org.glassfish.jersey.server.model.internal.JavaResourceMethodDispatcherProvider$ResponseOutInvoker.doDispatch(JavaResourceMethodDispatcherProvider.java:176)
	at org.glassfish.jersey.server.model.internal.AbstractJavaResourceMethodDispatcher.dispatch(AbstractJavaResourceMethodDispatcher.java:79)
	at org.glassfish.jersey.server.model.ResourceMethodInvoker.invoke(ResourceMethodInvoker.java:469)
	at org.glassfish.jersey.server.model.ResourceMethodInvoker.apply(ResourceMethodInvoker.java:391)
	at org.glassfish.jersey.server.model.ResourceMethodInvoker.apply(ResourceMethodInvoker.java:80)
	at org.glassfish.jersey.server.ServerRuntime$1.run(ServerRuntime.java:253)
	at org.glassfish.jersey.internal.Errors$1.call(Errors.java:248)
	at org.glassfish.jersey.internal.Errors$1.call(Errors.java:244)
	at org.glassfish.jersey.internal.Errors.process(Errors.java:292)
	at org.glassfish.jersey.internal.Errors.process(Errors.java:274)
	at org.glassfish.jersey.internal.Errors.process(Errors.java:244)
	at org.glassfish.jersey.process.internal.RequestScope.runInScope(RequestScope.java:265)
	at org.glassfish.jersey.server.ServerRuntime.process(ServerRuntime.java:232)
	at org.glassfish.jersey.server.ApplicationHandler.handle(ApplicationHandler.java:680)
	at org.glassfish.jersey.servlet.WebComponent.serviceImpl(WebComponent.java:392)
	at org.glassfish.jersey.servlet.WebComponent.service(WebComponent.java:346)
	at org.glassfish.jersey.servlet.ServletContainer.service(ServletContainer.java:365)
	at org.glassfish.jersey.servlet.ServletContainer.service(ServletContainer.java:318)
	at org.glassfish.jersey.servlet.ServletContainer.service(ServletContainer.java:205)
	at org.eclipse.jetty.servlet.ServletHolder.handle(ServletHolder.java:760)
	at org.eclipse.jetty.servlet.ServletHandler$CachedChain.doFilter(ServletHandler.java:1617)
	at org.eclipse.jetty.servlets.CrossOriginFilter.handle(CrossOriginFilter.java:310)
	at org.eclipse.jetty.servlets.CrossOriginFilter.doFilter(CrossOriginFilter.java:264)
	at org.eclipse.jetty.servlet.ServletHandler$CachedChain.doFilter(ServletHandler.java:1604)
	at com.xtel.vngolf.api.listener.filter.CustomizeFilter.doFilter(CustomizeFilter.java:32)
	at org.eclipse.jetty.servlet.ServletHandler$CachedChain.doFilter(ServletHandler.java:1604)
	at org.eclipse.jetty.servlet.ServletHandler.doHandle(ServletHandler.java:545)
	at org.eclipse.jetty.server.handler.ScopedHandler.nextHandle(ScopedHandler.java:233)
	at org.eclipse.jetty.server.handler.ContextHandler.doHandle(ContextHandler.java:1297)
	at org.eclipse.jetty.server.handler.ScopedHandler.nextScope(ScopedHandler.java:188)
	at org.eclipse.jetty.servlet.ServletHandler.doScope(ServletHandler.java:485)
	at org.eclipse.jetty.server.handler.ScopedHandler.nextScope(ScopedHandler.java:186)
	at org.eclipse.jetty.server.handler.ContextHandler.doScope(ContextHandler.java:1212)
	at org.eclipse.jetty.server.handler.ScopedHandler.handle(ScopedHandler.java:141)
	at org.eclipse.jetty.server.handler.HandlerWrapper.handle(HandlerWrapper.java:127)
	at org.eclipse.jetty.server.Server.handle(Server.java:500)
	at org.eclipse.jetty.server.HttpChannel.lambda$handle$1(HttpChannel.java:383)
	at org.eclipse.jetty.server.HttpChannel.dispatch(HttpChannel.java:547)
	at org.eclipse.jetty.server.HttpChannel.handle(HttpChannel.java:375)
	at org.eclipse.jetty.server.HttpConnection.onFillable(HttpConnection.java:270)
	at org.eclipse.jetty.io.AbstractConnection$ReadCallback.succeeded(AbstractConnection.java:311)
	at org.eclipse.jetty.io.FillInterest.fillable(FillInterest.java:103)
	at org.eclipse.jetty.io.ChannelEndPoint$2.run(ChannelEndPoint.java:117)
	at org.eclipse.jetty.util.thread.QueuedThreadPool.runJob(QueuedThreadPool.java:806)
	at org.eclipse.jetty.util.thread.QueuedThreadPool$Runner.run(QueuedThreadPool.java:938)
	at java.lang.Thread.run(Thread.java:745)
DEBUG [2020-03-14 15:03:03,159] - [AbsApiBaseParamReqTypeCmd.execute.43] - END_CMD transid: null, channel: null, request: [from_addr: 0:0:0:0:0:0:0:1, method: GET, path: /view/product/list, param: page_index=1&page_size=10&category_id=1, token: null], cmd: com.xtel.vngolf.api.controller.channels.core.ProductGetListCmd [transid=null, channel=null], time: [29ms,0s,0ds,0m], response: {"error":{"code":5,"message":"UNKNOWN ERROR"},"data":null}
DEBUG [2020-03-14 15:03:13,128] - [AbsConfigUtils.load.119            ] - not reload file: ./config/mail.xml, lastModified: 1584113622873, file.lastModified(): 1584113622873
DEBUG [2020-03-14 15:03:23,091] - [AbsConfigUtils.load.119            ] - not reload file: ./config/core.xml, lastModified: 1584113622871, file.lastModified(): 1584113622871
DEBUG [2020-03-14 15:03:23,130] - [AbsConfigUtils.load.119            ] - not reload file: ./config/mail.xml, lastModified: 1584113622873, file.lastModified(): 1584113622873
DEBUG [2020-03-14 15:03:33,129] - [AbsConfigUtils.load.119            ] - not reload file: ./config/mail.xml, lastModified: 1584113622873, file.lastModified(): 1584113622873
DEBUG [2020-03-14 15:03:43,130] - [AbsConfigUtils.load.119            ] - not reload file: ./config/mail.xml, lastModified: 1584113622873, file.lastModified(): 1584113622873
DEBUG [2020-03-14 15:03:53,129] - [AbsConfigUtils.load.119            ] - not reload file: ./config/mail.xml, lastModified: 1584113622873, file.lastModified(): 1584113622873
DEBUG [2020-03-14 15:04:03,129] - [AbsConfigUtils.load.119            ] - not reload file: ./config/mail.xml, lastModified: 1584113622873, file.lastModified(): 1584113622873
DEBUG [2020-03-14 15:04:13,130] - [AbsConfigUtils.load.119            ] - not reload file: ./config/mail.xml, lastModified: 1584113622873, file.lastModified(): 1584113622873
DEBUG [2020-03-14 15:04:23,091] - [AbsConfigUtils.load.119            ] - not reload file: ./config/core.xml, lastModified: 1584113622871, file.lastModified(): 1584113622871
DEBUG [2020-03-14 15:04:23,133] - [AbsConfigUtils.load.119            ] - not reload file: ./config/mail.xml, lastModified: 1584113622873, file.lastModified(): 1584113622873
DEBUG [2020-03-14 15:04:33,130] - [AbsConfigUtils.load.119            ] - not reload file: ./config/mail.xml, lastModified: 1584113622873, file.lastModified(): 1584113622873
DEBUG [2020-03-14 15:04:43,128] - [AbsConfigUtils.load.119            ] - not reload file: ./config/mail.xml, lastModified: 1584113622873, file.lastModified(): 1584113622873
INFO [2020-03-14 15:05:02,900] - [AbsConfigUtils.init.46             ] - init config from config path: ./config/init.xml
INFO [2020-03-14 15:05:02,904] - [AbsConfigUtils.init.55             ] - create java.io.File from config path: .\config\init.xml
INFO [2020-03-14 15:05:02,918] - [AbsConfigUtils.load.98             ] - reload file: ./config/init.xml, lastModified: 0, file.lastModified(): 1584113622871
INFO [2020-03-14 15:05:03,287] - [XMLConfigExt.getLong.104           ] - [1] [InitConfig] property: CHECK_RELOAD_CONFIG(0).INTERVAL_FOR_CORE_CONFIG_MS = 60000
INFO [2020-03-14 15:05:03,288] - [XMLConfigExt.getLong.104           ] - [1] [InitConfig] property: CHECK_RELOAD_CONFIG(0).INTERVAL_FOR_MAIL_CONFIG_MS = 10000
INFO [2020-03-14 15:05:03,292] - [AbsConfigUtils.init.46             ] - init config from config path: ./config/core.xml
INFO [2020-03-14 15:05:03,293] - [AbsConfigUtils.init.55             ] - create java.io.File from config path: .\config\core.xml
INFO [2020-03-14 15:05:03,294] - [AbsConfigUtils.load.98             ] - reload file: ./config/core.xml, lastModified: 0, file.lastModified(): 1584113622871
INFO [2020-03-14 15:05:03,304] - [XMLConfigExt.getInt.64             ] - [1] [CoreConfig] property: API_PORT = 10000
INFO [2020-03-14 15:05:03,304] - [XMLConfigExt.getString.44          ] - [1] [CoreConfig] property: CONTEXT_PATH = /api
INFO [2020-03-14 15:05:03,305] - [XMLConfigExt.getString.44          ] - [1] [CoreConfig] property: API_DAY_INPUT_FORMAT = dd-MM-yyyy
INFO [2020-03-14 15:05:03,306] - [XMLConfigExt.getString.44          ] - [1] [CoreConfig] property: API_DATE_TIME_INPUT_FORMAT = dd-MM-yyyy_HH:mm:ss
INFO [2020-03-14 15:05:03,307] - [XMLConfigExt.getString.44          ] - [1] [CoreConfig] property: API_DATE_TIME_OUTPUT_FORMAT = dd/MM/yyyy HH:mm:ss
INFO [2020-03-14 15:05:03,307] - [XMLConfigExt.getInt.64             ] - [1] [CoreConfig] property: TOKEN_LOG_MAX_LENGTH = 50
INFO [2020-03-14 15:05:03,308] - [XMLConfigExt.getInt.64             ] - [1] [CoreConfig] property: RESPONSE_LOG_MAX_LENGTH = 500
INFO [2020-03-14 15:05:03,308] - [XMLConfigExt.getInt.64             ] - [1] [CoreConfig] property: URL_MESSAGE_SENDER_TIMEOUT = 20000
INFO [2020-03-14 15:05:03,308] - [XMLConfigExt.getString.44          ] - [1] [CoreConfig] property: ORDER_URL_API = http://localhost:10401/api
INFO [2020-03-14 15:05:03,309] - [XMLConfigExt.getString.44          ] - [1] [CoreConfig] property: CARD_URL_API = http://222.252.16.140:10403/card/partner/api
INFO [2020-03-14 15:05:03,318] - [AbsConfigUtils.init.46             ] - init config from config path: ./config/mail.xml
INFO [2020-03-14 15:05:03,327] - [AbsConfigUtils.init.55             ] - create java.io.File from config path: .\config\mail.xml
INFO [2020-03-14 15:05:03,332] - [AbsConfigUtils.load.98             ] - reload file: ./config/mail.xml, lastModified: 0, file.lastModified(): 1584113622873
INFO [2020-03-14 15:05:03,350] - [XMLConfigExt.getString.54          ] - [1] [MailConfig] property: MAIL(0).HOST = smtp.gmail.com
INFO [2020-03-14 15:05:03,351] - [XMLConfigExt.getInt.74             ] - [1] [MailConfig] property: MAIL(0).PORT = 587
INFO [2020-03-14 15:05:03,353] - [XMLConfigExt.getBoolean.94         ] - [1] [MailConfig] property: MAIL(0).SSL = false
INFO [2020-03-14 15:05:03,355] - [XMLConfigExt.getString.54          ] - [1] [MailConfig] property: MAIL(0).PROTOCOL = smtp
INFO [2020-03-14 15:05:03,355] - [XMLConfigExt.getString.54          ] - [1] [MailConfig] property: MAIL(0).FROM_PERSONAL = TENHIENTHI
INFO [2020-03-14 15:05:03,362] - [MailConfig.loadFroms.65            ] - [1] load config size FROMS: 1
INFO [2020-03-14 15:05:03,364] - [XMLConfigExt.getString.54          ] - [1] [MailConfig] property: MAIL(0).FROMS.FROM(0).FROM_MAIL(0) = kythuat@xx.vn
INFO [2020-03-14 15:05:03,364] - [XMLConfigExt.getString.54          ] - [1] [MailConfig] property: MAIL(0).FROMS.FROM(0).USERNAME(0) = kythuat@xx.vn
INFO [2020-03-14 15:05:03,365] - [XMLConfigExt.getString.54          ] - [1] [MailConfig] property: MAIL(0).FROMS.FROM(0).PASSWORD(0) = xxx
INFO [2020-03-14 15:05:03,366] - [MailConfig.loadFroms.79            ] - [1] add FROM to FROMS: FromMailEntity [fromMail=kythuat@xx.vn, username=kythuat@xx.vn, password=xxx]
INFO [2020-03-14 15:05:03,368] - [MailConfig.loadFroms.82            ] - [1] add FROM to FROMS: FromMailEntity [fromMail=kythuat@xx.vn, username=kythuat@xx.vn, password=xxx]
INFO [2020-03-14 15:05:03,368] - [MailConfig.loadFroms.90            ] - [1] load config FROMS: [FromMailEntity [fromMail=kythuat@xx.vn, username=kythuat@xx.vn, password=xxx]]
INFO [2020-03-14 15:05:04,069] - [DBLogicImpl.init.56                ] - Start DBLogic
INFO [2020-03-14 15:05:04,071] - [MainApplication.start.76           ] - base service package: com.xtel.vngolf.api.listener.service
INFO [2020-03-14 15:05:04,884] - [CustomizeFilter.init.24            ] - Initializing filter, config: {}org.eclipse.jetty.servlet.FilterHolder$Config@7a52f2a2
INFO [2020-03-14 15:05:07,170] - [MainApplication.start.84           ] - -----------------------------MODULE IS STARTED SUCCESS!-----------------------------
DEBUG [2020-03-14 15:05:13,370] - [AbsConfigUtils.load.119            ] - not reload file: ./config/mail.xml, lastModified: 1584113622873, file.lastModified(): 1584113622873
INFO [2020-03-14 15:05:14,859] - [CustomizeFilter.doFilter.30        ] - ===> New request: Request(GET //localhost:10000/api/view/product/list?page_index=1&page_size=10&category_id=1)@7cb4cf9e
DEBUG [2020-03-14 15:05:15,061] - [AbsApiBaseParamReqTypeCmd.execute.17] - BEGIN_CMD transid: null, channel: null, request: [from_addr: 0:0:0:0:0:0:0:1, method: GET, path: /view/product/list, param: page_index=1&page_size=10&category_id=1, token: null]
DEBUG [2020-03-14 15:05:15,112] - [AbsApiBaseParamReqTypeCmd.execute.43] - END_CMD transid: null, channel: null, request: [from_addr: 0:0:0:0:0:0:0:1, method: GET, path: /view/product/list, param: page_index=1&page_size=10&category_id=1, token: null], cmd: com.xtel.vngolf.api.controller.channels.core.ProductGetListCmd [transid=null, channel=null], time: [50ms,0s,0ds,0m], response: {"error":{"code":0,"message":"SUCCESS"},"data":{"page_info":{"page_idx":1,"page_size":10,"total_record":10,"total_page":1,"begin_idx":1,"end_idx":10},"items":[{"id":1,"avatar":"https://encrypted-tbn0.gstatic.com/images?q\u003dtbn%3AANd9GcRa5K1thT7xsKFgzKW5JZwYFM7xcEPZme9WWsG9erx6vz2K_wxv","name":"Trophy 1","category_id":1},{"id":3,"avatar":"https://encrypted-tbn0.gstatic.com/images?q\u003dtbn%3AANd9GcRa5K1thT7xsKFgzKW5JZwYFM7xcEPZme9WWsG9erx6vz2K_wxv","name":"Trophy 3","category_id":1},{"id":5,"...
DEBUG [2020-03-14 15:05:23,371] - [AbsConfigUtils.load.119            ] - not reload file: ./config/mail.xml, lastModified: 1584113622873, file.lastModified(): 1584113622873
